  Reading Qt configuration (C:\Qt\Qt5.14.2\5.14.2\msvc2017_64\bin\qmake.exe)
  centerwidget.cpp
  cfind.cpp
  cmajor.cpp
  ctable.cpp
  main.cpp
  myhighlighter.cpp
i:\vs2019-project\documentpro\majorwindow\cfind.h : warning C4819: 该文件包含不能在当前代码页(936)中表示的字符。请将该文件保存为 Unicode 格式以防止数据丢失 (编译源文件 cfind.cpp)
i:\vs2019-project\documentpro\journal\plugin.h : warning C4819: 该文件包含不能在当前代码页(936)中表示的字符。请将该文件保存为 Unicode 格式以防止数据丢失 (编译源文件 cmajor.cpp)
i:\vs2019-project\documentpro\majorwindow\cfind.h : warning C4819: 该文件包含不能在当前代码页(936)中表示的字符。请将该文件保存为 Unicode 格式以防止数据丢失 (编译源文件 cmajor.cpp)
i:\vs2019-project\documentpro\journal\plugin.h : warning C4819: 该文件包含不能在当前代码页(936)中表示的字符。请将该文件保存为 Unicode 格式以防止数据丢失 (编译源文件 main.cpp)
i:\vs2019-project\documentpro\majorwindow\cfind.h : warning C4819: 该文件包含不能在当前代码页(936)中表示的字符。请将该文件保存为 Unicode 格式以防止数据丢失 (编译源文件 main.cpp)
i:\vs2019-project\documentpro\ysbase\include\ys_rbase.h : warning C4819: 该文件包含不能在当前代码页(936)中表示的字符。请将该文件保存为 Unicode 格式以防止数据丢失 (编译源文件 cmajor.cpp)
i:\vs2019-project\documentpro\ysbase\include\dbg.h : warning C4819: 该文件包含不能在当前代码页(936)中表示的字符。请将该文件保存为 Unicode 格式以防止数据丢失 (编译源文件 cmajor.cpp)
i:\vs2019-project\documentpro\ysbase\include\cmn.h : warning C4819: 该文件包含不能在当前代码页(936)中表示的字符。请将该文件保存为 Unicode 格式以防止数据丢失 (编译源文件 cmajor.cpp)
i:\vs2019-project\documentpro\ysbase\include\ys_rutil.h : warning C4819: 该文件包含不能在当前代码页(936)中表示的字符。请将该文件保存为 Unicode 格式以防止数据丢失 (编译源文件 cmajor.cpp)
i:\vs2019-project\documentpro\ysbase\include\ys_rtraits.h : warning C4819: 该文件包含不能在当前代码页(936)中表示的字符。请将该文件保存为 Unicode 格式以防止数据丢失 (编译源文件 cmajor.cpp)
i:\vs2019-project\documentpro\ysbase\include\ys_util.h : warning C4819: 该文件包含不能在当前代码页(936)中表示的字符。请将该文件保存为 Unicode 格式以防止数据丢失 (编译源文件 cmajor.cpp)
i:\vs2019-project\documentpro\ysbase\include\ys_mem.h : warning C4819: 该文件包含不能在当前代码页(936)中表示的字符。请将该文件保存为 Unicode 格式以防止数据丢失 (编译源文件 cmajor.cpp)
i:\vs2019-project\documentpro\ysbase\include\ys_rbase.h(86): warning C4100: “param”: 未引用的形参 (编译源文件 cmajor.cpp)
  moc_centerwidget.cpp
  moc_cfind.cpp
  moc_cmajor.cpp
  moc_ctable.cpp
i:\vs2019-project\documentpro\majorwindow\cfind.h : warning C4819: 该文件包含不能在当前代码页(936)中表示的字符。请将该文件保存为 Unicode 格式以防止数据丢失 (编译源文件 Debug\moc_cfind.cpp)
i:\vs2019-project\documentpro\journal\plugin.h : warning C4819: 该文件包含不能在当前代码页(936)中表示的字符。请将该文件保存为 Unicode 格式以防止数据丢失 (编译源文件 Debug\moc_cmajor.cpp)
i:\vs2019-project\documentpro\majorwindow\cfind.h : warning C4819: 该文件包含不能在当前代码页(936)中表示的字符。请将该文件保存为 Unicode 格式以防止数据丢失 (编译源文件 Debug\moc_cmajor.cpp)
  MajorWindow.vcxproj -> I:\vs2019-project\DocumentPro\x64\Debug\MajorWindow.exe
